[0.005s] Invoking command in '/home/samy/robot_ws/build/turtlebot3_multi_robot': CMAKE_PREFIX_PATH=${CMAKE_PREFIX_PATH}:/home/samy/turtlebot3_ws/install/dual_tb3:/opt/ros/humble /usr/bin/cmake --build /home/samy/robot_ws/build/turtlebot3_multi_robot -- -j12 -l12
[0.014s] -- Found ament_cmake: 1.3.13 (/opt/ros/humble/share/ament_cmake/cmake)
[0.064s] -- Override CMake install command with custom implementation using symlinks instead of copying resources
[0.070s] -- Found rclcpp: 16.0.18 (/opt/ros/humble/share/rclcpp/cmake)
[0.116s] -- Found rosidl_generator_c: 3.1.8 (/opt/ros/humble/share/rosidl_generator_c/cmake)
[0.119s] -- Found rosidl_adapter: 3.1.8 (/opt/ros/humble/share/rosidl_adapter/cmake)
[0.124s] -- Found rosidl_generator_cpp: 3.1.8 (/opt/ros/humble/share/rosidl_generator_cpp/cmake)
[0.131s] -- Using all available rosidl_typesupport_c: rosidl_typesupport_fastrtps_c;rosidl_typesupport_introspection_c
[0.140s] -- Using all available rosidl_typesupport_cpp: rosidl_typesupport_fastrtps_cpp;rosidl_typesupport_introspection_cpp
[0.164s] -- Found rmw_implementation_cmake: 6.1.2 (/opt/ros/humble/share/rmw_implementation_cmake/cmake)
[0.166s] -- Found rmw_fastrtps_cpp: 6.2.10 (/opt/ros/humble/share/rmw_fastrtps_cpp/cmake)
[0.202s] -- Found OpenSSL: /usr/lib/x86_64-linux-gnu/libcrypto.so (found version "3.0.2")  
[0.215s] -- Found FastRTPS: /opt/ros/humble/include  
[0.232s] -- Using RMW implementation 'rmw_fastrtps_cpp' as default
[0.237s] -- Looking for pthread.h
[0.265s] -- Looking for pthread.h - found
[0.265s] -- Performing Test CMAKE_HAVE_LIBC_PTHREAD
[0.293s] -- Performing Test CMAKE_HAVE_LIBC_PTHREAD - Success
[0.293s] -- Found Threads: TRUE  
[0.319s] -- Found nav_msgs: 4.9.1 (/opt/ros/humble/share/nav_msgs/cmake)
[0.334s] -- Found nav2_msgs: 1.1.20 (/opt/ros/humble/share/nav2_msgs/cmake)
[0.385s] -- Configuring done
[0.386s] [31mCMake Error at CMakeLists.txt:18 (add_executable):
[0.386s]   Cannot find source file:
[0.386s] 
[0.386s]     src/follower_node.cpp
[0.386s] 
[0.386s]   Tried extensions .c .C .c++ .cc .cpp .cxx .cu .mpp .m .M .mm .ixx .cppm .h
[0.386s]   .hh .h++ .hm .hpp .hxx .in .txx .f .F .for .f77 .f90 .f95 .f03 .hip .ispc
[0.386s] 
[0.386s] [0m
[0.386s] [31mCMake Error at CMakeLists.txt:18 (add_executable):
[0.387s]   No SOURCES given to target: follower_node
[0.387s] 
[0.387s] [0m
[0.387s] [0mCMake Generate step failed.  Build files cannot be regenerated correctly.[0m
[0.390s] gmake: *** [Makefile:226: cmake_check_build_system] Error 1
[0.391s] Invoked command in '/home/samy/robot_ws/build/turtlebot3_multi_robot' returned '2': CMAKE_PREFIX_PATH=${CMAKE_PREFIX_PATH}:/home/samy/turtlebot3_ws/install/dual_tb3:/opt/ros/humble /usr/bin/cmake --build /home/samy/robot_ws/build/turtlebot3_multi_robot -- -j12 -l12
