[0.005s] Invoking command in '/home/samy/robot_ws/build/turtlebot3_multi_robot': CMAKE_PREFIX_PATH=${CMAKE_PREFIX_PATH}:/home/samy/turtlebot3_ws/install/dual_tb3:/opt/ros/humble /usr/bin/cmake --build /home/samy/robot_ws/build/turtlebot3_multi_robot -- -j12 -l12
[0.013s] -- Found ament_cmake: 1.3.13 (/opt/ros/humble/share/ament_cmake/cmake)
[0.062s] -- Override CMake install command with custom implementation using symlinks instead of copying resources
[0.064s] -- Found rclcpp: 16.0.18 (/opt/ros/humble/share/rclcpp/cmake)
[0.076s] -- Found rosidl_generator_c: 3.1.8 (/opt/ros/humble/share/rosidl_generator_c/cmake)
[0.077s] -- Found rosidl_adapter: 3.1.8 (/opt/ros/humble/share/rosidl_adapter/cmake)
[0.079s] -- Found rosidl_generator_cpp: 3.1.8 (/opt/ros/humble/share/rosidl_generator_cpp/cmake)
[0.082s] -- Using all available rosidl_typesupport_c: rosidl_typesupport_fastrtps_c;rosidl_typesupport_introspection_c
[0.087s] -- Using all available rosidl_typesupport_cpp: rosidl_typesupport_fastrtps_cpp;rosidl_typesupport_introspection_cpp
[0.098s] -- Found rmw_implementation_cmake: 6.1.2 (/opt/ros/humble/share/rmw_implementation_cmake/cmake)
[0.098s] -- Found rmw_fastrtps_cpp: 6.2.10 (/opt/ros/humble/share/rmw_fastrtps_cpp/cmake)
[0.141s] -- Using RMW implementation 'rmw_fastrtps_cpp' as default
[0.160s] -- Found nav_msgs: 4.9.1 (/opt/ros/humble/share/nav_msgs/cmake)
[0.170s] -- Found nav2_msgs: 1.1.20 (/opt/ros/humble/share/nav2_msgs/cmake)
[0.212s] -- Configuring done
[0.215s] -- Generating done
[0.217s] -- Build files have been written to: /home/samy/robot_ws/build/turtlebot3_multi_robot
[0.230s] [ 50%] [32mBuilding CXX object CMakeFiles/follower_node.dir/src/follower_node.cpp.o[0m
[5.005s] [100%] [32m[1mLinking CXX executable follower_node[0m
[5.216s] [100%] Built target follower_node
[5.221s] Invoked command in '/home/samy/robot_ws/build/turtlebot3_multi_robot' returned '0': CMAKE_PREFIX_PATH=${CMAKE_PREFIX_PATH}:/home/samy/turtlebot3_ws/install/dual_tb3:/opt/ros/humble /usr/bin/cmake --build /home/samy/robot_ws/build/turtlebot3_multi_robot -- -j12 -l12
[5.224s] Invoking command in '/home/samy/robot_ws/build/turtlebot3_multi_robot': CMAKE_PREFIX_PATH=${CMAKE_PREFIX_PATH}:/home/samy/turtlebot3_ws/install/dual_tb3:/opt/ros/humble /usr/bin/cmake --install /home/samy/robot_ws/build/turtlebot3_multi_robot
[5.226s] -- Install configuration: ""
[5.227s] -- Execute custom install script
[5.227s] -- Symlinking: /home/samy/robot_ws/install/turtlebot3_multi_robot/lib/turtlebot3_multi_robot/follower_node
[5.230s] -- Up-to-date symlink: /home/samy/robot_ws/install/turtlebot3_multi_robot/share/turtlebot3_multi_robot//launch/gazebo_multi_nav2_world.launch.py
[5.230s] -- Up-to-date symlink: /home/samy/robot_ws/install/turtlebot3_multi_robot/share/turtlebot3_multi_robot//launch/gazebo_multi_world.launch.py
[5.231s] -- Up-to-date symlink: /home/samy/robot_ws/install/turtlebot3_multi_robot/share/turtlebot3_multi_robot//launch/nav2_bringup/bringup_launch.py
[5.231s] -- Up-to-date symlink: /home/samy/robot_ws/install/turtlebot3_multi_robot/share/turtlebot3_multi_robot//launch/nav2_bringup/localization_launch.py
[5.231s] -- Up-to-date symlink: /home/samy/robot_ws/install/turtlebot3_multi_robot/share/turtlebot3_multi_robot//launch/nav2_bringup/navigation_launch.py
[5.231s] -- Up-to-date symlink: /home/samy/robot_ws/install/turtlebot3_multi_robot/share/turtlebot3_multi_robot//launch/nav2_bringup/rviz_launch.py
[5.231s] -- Up-to-date symlink: /home/samy/robot_ws/install/turtlebot3_multi_robot/share/turtlebot3_multi_robot//launch/nav2_bringup/slam_launch.py
[5.231s] -- Up-to-date symlink: /home/samy/robot_ws/install/turtlebot3_multi_robot/share/turtlebot3_multi_robot//models/turtlebot3_burger/meshes/burger_base.dae
[5.231s] -- Up-to-date symlink: /home/samy/robot_ws/install/turtlebot3_multi_robot/share/turtlebot3_multi_robot//models/turtlebot3_burger/meshes/lds.dae
[5.231s] -- Up-to-date symlink: /home/samy/robot_ws/install/turtlebot3_multi_robot/share/turtlebot3_multi_robot//models/turtlebot3_burger/meshes/tire.dae
[5.231s] -- Up-to-date symlink: /home/samy/robot_ws/install/turtlebot3_multi_robot/share/turtlebot3_multi_robot//models/turtlebot3_burger/model-1_4.sdf
[5.231s] -- Up-to-date symlink: /home/samy/robot_ws/install/turtlebot3_multi_robot/share/turtlebot3_multi_robot//models/turtlebot3_burger/model.config
[5.231s] -- Up-to-date symlink: /home/samy/robot_ws/install/turtlebot3_multi_robot/share/turtlebot3_multi_robot//models/turtlebot3_burger/model.sdf
[5.231s] -- Up-to-date symlink: /home/samy/robot_ws/install/turtlebot3_multi_robot/share/turtlebot3_multi_robot//models/turtlebot3_waffle/meshes/lds.dae
[5.231s] -- Up-to-date symlink: /home/samy/robot_ws/install/turtlebot3_multi_robot/share/turtlebot3_multi_robot//models/turtlebot3_waffle/meshes/r200.dae
[5.231s] -- Up-to-date symlink: /home/samy/robot_ws/install/turtlebot3_multi_robot/share/turtlebot3_multi_robot//models/turtlebot3_waffle/meshes/tire.dae
[5.231s] -- Up-to-date symlink: /home/samy/robot_ws/install/turtlebot3_multi_robot/share/turtlebot3_multi_robot//models/turtlebot3_waffle/meshes/waffle_base.dae
[5.231s] -- Up-to-date symlink: /home/samy/robot_ws/install/turtlebot3_multi_robot/share/turtlebot3_multi_robot//models/turtlebot3_waffle/model-1_4.sdf
[5.231s] -- Up-to-date symlink: /home/samy/robot_ws/install/turtlebot3_multi_robot/share/turtlebot3_multi_robot//models/turtlebot3_waffle/model.config
[5.231s] -- Up-to-date symlink: /home/samy/robot_ws/install/turtlebot3_multi_robot/share/turtlebot3_multi_robot//models/turtlebot3_waffle/model.sdf
[5.231s] -- Up-to-date symlink: /home/samy/robot_ws/install/turtlebot3_multi_robot/share/turtlebot3_multi_robot//models/turtlebot3_waffle/model_nocamera.sdf
[5.231s] -- Up-to-date symlink: /home/samy/robot_ws/install/turtlebot3_multi_robot/share/turtlebot3_multi_robot//rviz/multi_nav2_default_view.rviz
[5.231s] -- Up-to-date symlink: /home/samy/robot_ws/install/turtlebot3_multi_robot/share/turtlebot3_multi_robot//rviz/nav2_default_view.rviz
[5.231s] -- Up-to-date symlink: /home/samy/robot_ws/install/turtlebot3_multi_robot/share/turtlebot3_multi_robot//urdf/common_properties.urdf
[5.231s] -- Up-to-date symlink: /home/samy/robot_ws/install/turtlebot3_multi_robot/share/turtlebot3_multi_robot//urdf/turtlebot3_burger.urdf
[5.231s] -- Up-to-date symlink: /home/samy/robot_ws/install/turtlebot3_multi_robot/share/turtlebot3_multi_robot//urdf/turtlebot3_waffle.urdf
[5.231s] -- Up-to-date symlink: /home/samy/robot_ws/install/turtlebot3_multi_robot/share/turtlebot3_multi_robot//worlds/multi_empty_world.world
[5.231s] -- Up-to-date symlink: /home/samy/robot_ws/install/turtlebot3_multi_robot/share/turtlebot3_multi_robot//worlds/multi_robot_world.world
[5.231s] -- Up-to-date symlink: /home/samy/robot_ws/install/turtlebot3_multi_robot/share/turtlebot3_multi_robot//params/nav2_params.yaml
[5.231s] -- Up-to-date symlink: /home/samy/robot_ws/install/turtlebot3_multi_robot/share/turtlebot3_multi_robot/environment/multi_robot.dsv
[5.232s] -- Up-to-date symlink: /home/samy/robot_ws/install/turtlebot3_multi_robot/share/ament_index/resource_index/package_run_dependencies/turtlebot3_multi_robot
[5.232s] -- Up-to-date symlink: /home/samy/robot_ws/install/turtlebot3_multi_robot/share/ament_index/resource_index/parent_prefix_path/turtlebot3_multi_robot
[5.232s] -- Up-to-date symlink: /home/samy/robot_ws/install/turtlebot3_multi_robot/share/turtlebot3_multi_robot/environment/ament_prefix_path.sh
[5.232s] -- Up-to-date symlink: /home/samy/robot_ws/install/turtlebot3_multi_robot/share/turtlebot3_multi_robot/environment/ament_prefix_path.dsv
[5.232s] -- Up-to-date symlink: /home/samy/robot_ws/install/turtlebot3_multi_robot/share/turtlebot3_multi_robot/environment/path.sh
[5.232s] -- Up-to-date symlink: /home/samy/robot_ws/install/turtlebot3_multi_robot/share/turtlebot3_multi_robot/environment/path.dsv
[5.232s] -- Up-to-date symlink: /home/samy/robot_ws/install/turtlebot3_multi_robot/share/turtlebot3_multi_robot/local_setup.bash
[5.232s] -- Up-to-date symlink: /home/samy/robot_ws/install/turtlebot3_multi_robot/share/turtlebot3_multi_robot/local_setup.sh
[5.232s] -- Up-to-date symlink: /home/samy/robot_ws/install/turtlebot3_multi_robot/share/turtlebot3_multi_robot/local_setup.zsh
[5.232s] -- Up-to-date symlink: /home/samy/robot_ws/install/turtlebot3_multi_robot/share/turtlebot3_multi_robot/local_setup.dsv
[5.232s] -- Symlinking: /home/samy/robot_ws/install/turtlebot3_multi_robot/share/turtlebot3_multi_robot/package.dsv
[5.235s] -- Up-to-date symlink: /home/samy/robot_ws/install/turtlebot3_multi_robot/share/ament_index/resource_index/packages/turtlebot3_multi_robot
[5.235s] -- Up-to-date symlink: /home/samy/robot_ws/install/turtlebot3_multi_robot/share/turtlebot3_multi_robot/cmake/turtlebot3_multi_robotConfig.cmake
[5.235s] -- Up-to-date symlink: /home/samy/robot_ws/install/turtlebot3_multi_robot/share/turtlebot3_multi_robot/cmake/turtlebot3_multi_robotConfig-version.cmake
[5.235s] -- Up-to-date symlink: /home/samy/robot_ws/install/turtlebot3_multi_robot/share/turtlebot3_multi_robot/package.xml
[5.235s] Invoked command in '/home/samy/robot_ws/build/turtlebot3_multi_robot' returned '0': CMAKE_PREFIX_PATH=${CMAKE_PREFIX_PATH}:/home/samy/turtlebot3_ws/install/dual_tb3:/opt/ros/humble /usr/bin/cmake --install /home/samy/robot_ws/build/turtlebot3_multi_robot
